gyp info it worked if it ends with ok
gyp info using node-gyp@9.3.0
gyp info using node@19.6.0 | darwin | arm64
gyp info find Python using Python version 3.11.2 found at "/Library/Frameworks/Python.framework/Versions/3.11/bin/python3"
gyp http GET https://nodejs.org/download/release/v19.6.0/node-v19.6.0-headers.tar.gz
gyp http 200 https://nodejs.org/download/release/v19.6.0/node-v19.6.0-headers.tar.gz
gyp http GET https://nodejs.org/download/release/v19.6.0/SHASUMS256.txt
gyp http 200 https://nodejs.org/download/release/v19.6.0/SHASUMS256.txt
gyp info spawn /Library/Frameworks/Python.framework/Versions/3.11/bin/python3
gyp info spawn args [
gyp info spawn args   '/usr/local/lib/node_modules/npm/node_modules/node-gyp/gyp/gyp_main.py',
gyp info spawn args   'binding.gyp',
gyp info spawn args   '-f',
gyp info spawn args   'make',
gyp info spawn args   '-I',
gyp info spawn args   '/Users/yg185024/Documents/NCRU/Chat Application/node_modules/bson/build/config.gypi',
gyp info spawn args   '-I',
gyp info spawn args   '/usr/local/lib/node_modules/npm/node_modules/node-gyp/addon.gypi',
gyp info spawn args   '-I',
gyp info spawn args   '/Users/yg185024/Library/Caches/node-gyp/19.6.0/include/node/common.gypi',
gyp info spawn args   '-Dlibrary=shared_library',
gyp info spawn args   '-Dvisibility=default',
gyp info spawn args   '-Dnode_root_dir=/Users/yg185024/Library/Caches/node-gyp/19.6.0',
gyp info spawn args   '-Dnode_gyp_dir=/usr/local/lib/node_modules/npm/node_modules/node-gyp',
gyp info spawn args   '-Dnode_lib_file=/Users/yg185024/Library/Caches/node-gyp/19.6.0/<(target_arch)/node.lib',
gyp info spawn args   '-Dmodule_root_dir=/Users/yg185024/Documents/NCRU/Chat Application/node_modules/bson',
gyp info spawn args   '-Dnode_engine=v8',
gyp info spawn args   '--depth=.',
gyp info spawn args   '--no-parallel',
gyp info spawn args   '--generator-output',
gyp info spawn args   'build',
gyp info spawn args   '-Goutput_dir=.'
gyp info spawn args ]
gyp info spawn make
gyp info spawn args [ 'BUILDTYPE=Release', '-C', 'build' ]
In file included from ../ext/bson.cc:35:
In file included from ../ext/bson.h:17:
../ext/nan.h:185:9: error: no template named 'Handle' in namespace 'v8'
  , v8::Handle<v8::String> opt, bool def
    ~~~~^
../ext/nan.h:141:71: note: expanded from macro 'NAN_INLINE'
# define NAN_INLINE(declarator) inline __attribute__((always_inline)) declarator
                                                                      ^~~~~~~~~~
../ext/nan.h:200:9: error: no template named 'Handle' in namespace 'v8'
  , v8::Handle<v8::String> opt
    ~~~~^
../ext/nan.h:141:71: note: expanded from macro 'NAN_INLINE'
# define NAN_INLINE(declarator) inline __attribute__((always_inline)) declarator
                                                                      ^~~~~~~~~~
../ext/nan.h:207:9: error: no template named 'Handle' in namespace 'v8'
  , v8::Handle<v8::String> opt
    ~~~~^
../ext/nan.h:141:71: note: expanded from macro 'NAN_INLINE'
# define NAN_INLINE(declarator) inline __attribute__((always_inline)) declarator
                                                                      ^~~~~~~~~~
../ext/nan.h:327:28: warning: 'always_inline' attribute only applies to functions and statements [-Wignored-attributes]
  template<class T> static NAN_INLINE(v8::Local<T> NanNewLocal(
                           ^
../ext/nan.h:141:55: note: expanded from macro 'NAN_INLINE'
# define NAN_INLINE(declarator) inline __attribute__((always_inline)) declarator
                                                      ^
../ext/nan.h:328:11: error: no member named 'Handle' in namespace 'v8'
      v8::Handle<T> val
      ~~~~^
../ext/nan.h:141:71: note: expanded from macro 'NAN_INLINE'
# define NAN_INLINE(declarator) inline __attribute__((always_inline)) declarator
                                                                      ^~~~~~~~~~
../ext/nan.h:328:18: error: 'T' does not refer to a value
      v8::Handle<T> val
                 ^
../ext/nan.h:327:18: note: declared here
  template<class T> static NAN_INLINE(v8::Local<T> NanNewLocal(
                 ^
../ext/nan.h:328:21: error: use of undeclared identifier 'val'
      v8::Handle<T> val
                    ^
../ext/nan.h:329:5: error: expected ';' at end of declaration
  )) {
    ^
    ;
../ext/nan.h:329:6: error: expected unqualified-id
  )) {
     ^
../ext/nan.h:338:25: error: no template named 'Handle' in namespace 'v8'
  static NAN_INLINE(v8::Handle<v8::Value> NanError(const char* errmsg)) {
                    ~~~~^
../ext/nan.h:141:71: note: expanded from macro 'NAN_INLINE'
# define NAN_INLINE(declarator) inline __attribute__((always_inline)) declarator
                                                                      ^~~~~~~~~~
../ext/nan.h:339:13: error: no member named 'New' in 'v8::String'
    return  _NAN_ERROR(v8::Exception::Error, errmsg);
            ^~~~~~~~~~~~~~~~~~~~~~~~~~~~~~~~~~~~~~~~
../ext/nan.h:319:50: note: expanded from macro '_NAN_ERROR'
# define _NAN_ERROR(fun, errmsg) fun(v8::String::New(errmsg))
                                     ~~~~~~~~~~~~^
../ext/nan.h:343:5: error: no member named 'ThrowException' in namespace 'v8'
    _NAN_THROW_ERROR(v8::Exception::Error, errmsg);
    ^~~~~~~~~~~~~~~~~~~~~~~~~~~~~~~~~~~~~~~~~~~~~~
../ext/nan.h:324:11: note: expanded from macro '_NAN_THROW_ERROR'
      v8::ThrowException(_NAN_ERROR(fun, errmsg));                             \
      ~~~~^
../ext/nan.h:343:5: error: no member named 'New' in 'v8::String'
    _NAN_THROW_ERROR(v8::Exception::Error, errmsg);
    ^~~~~~~~~~~~~~~~~~~~~~~~~~~~~~~~~~~~~~~~~~~~~~
../ext/nan.h:324:26: note: expanded from macro '_NAN_THROW_ERROR'
      v8::ThrowException(_NAN_ERROR(fun, errmsg));                             \
                         ^~~~~~~~~~~~~~~~~~~~~~~
../ext/nan.h:319:50: note: expanded from macro '_NAN_ERROR'
# define _NAN_ERROR(fun, errmsg) fun(v8::String::New(errmsg))
                                     ~~~~~~~~~~~~^
../ext/nan.h:346:10: warning: 'always_inline' attribute only applies to functions and statements [-Wignored-attributes]
  static NAN_INLINE(void NanThrowError(v8::Handle<v8::Value> error)) {
         ^
../ext/nan.h:141:55: note: expanded from macro 'NAN_INLINE'
# define NAN_INLINE(declarator) inline __attribute__((always_inline)) declarator
                                                      ^
../ext/nan.h:346:26: error: variable has incomplete type 'void'
  static NAN_INLINE(void NanThrowError(v8::Handle<v8::Value> error)) {
                         ^
../ext/nan.h:346:44: error: no member named 'Handle' in namespace 'v8'
  static NAN_INLINE(void NanThrowError(v8::Handle<v8::Value> error)) {
                                       ~~~~^
../ext/nan.h:141:71: note: expanded from macro 'NAN_INLINE'
# define NAN_INLINE(declarator) inline __attribute__((always_inline)) declarator
                                                                      ^~~~~~~~~~
../ext/nan.h:346:60: error: expected '(' for function-style cast or type construction
  static NAN_INLINE(void NanThrowError(v8::Handle<v8::Value> error)) {
                                                  ~~~~~~~~~^
../ext/nan.h:141:71: note: expanded from macro 'NAN_INLINE'
# define NAN_INLINE(declarator) inline __attribute__((always_inline)) declarator
                                                                      ^~~~~~~~~~
../ext/nan.h:346:62: error: use of undeclared identifier 'error'
  static NAN_INLINE(void NanThrowError(v8::Handle<v8::Value> error)) {
                                                             ^
../ext/nan.h:346:69: error: expected ';' after top level declarator
  static NAN_INLINE(void NanThrowError(v8::Handle<v8::Value> error)) {
                                                                    ^
                                                                    ;
../ext/nan.h:777:19: error: unknown type name 'NanCallback'
  NanAsyncWorker (NanCallback *callback) : callback(callback) {
                  ^
../ext/nan.h:824:3: error: unknown type name 'NanCallback'
  NanCallback *callback;
  ^
fatal error: too many errors emitted, stopping now [-ferror-limit=]
2 warnings and 20 errors generated.
make: *** [Release/obj.target/bson/ext/bson.o] Error 1
gyp ERR! build error 
gyp ERR! stack Error: `make` failed with exit code: 2
gyp ERR! stack     at ChildProcess.onExit (/usr/local/lib/node_modules/npm/node_modules/node-gyp/lib/build.js:203:23)
gyp ERR! stack     at ChildProcess.emit (node:events:512:28)
gyp ERR! stack     at ChildProcess._handle.onexit (node:internal/child_process:293:12)
gyp ERR! System Darwin 22.4.0
gyp ERR! command "/usr/local/bin/node" "/usr/local/lib/node_modules/npm/node_modules/node-gyp/bin/node-gyp.js" "rebuild"
gyp ERR! cwd /Users/yg185024/Documents/NCRU/Chat Application/node_modules/bson
gyp ERR! node -v v19.6.0
gyp ERR! node-gyp -v v9.3.0
gyp ERR! not ok 
